<?xml version="1.0" encoding="UTF-8"?>
<!-- Generated by org.testng.reporters.JUnitReportReporter -->
<testsuite hostname="DESKTOP-39SQTFK" failures="0" tests="1" name="practiceGuru99.Test.VerifyProductPriceConsistency" time="12.782" errors="0" timestamp="2025-04-13T22:21:09 AEST" skipped="0">
  <testcase classname="practiceGuru99.Test.VerifyProductPriceConsistency" name="ProductPriceConsistency" time="12.782"/>
</testsuite> <!-- practiceGuru99.Test.VerifyProductPriceConsistency -->
