<?xml version="1.0" encoding="UTF-8"?>
<!-- Generated by org.testng.reporters.JUnitReportReporter -->
<testsuite hostname="DESKTOP-39SQTFK" failures="0" tests="1" name="practiceGuru99.Test.VerifyQuantityLimitPerProduct" time="21.652" errors="0" timestamp="2025-06-14T19:08:09 AEST" skipped="0">
  <testcase classname="practiceGuru99.Test.VerifyQuantityLimitPerProduct" name="QuantityLimit" time="21.652"/>
</testsuite> <!-- practiceGuru99.Test.VerifyQuantityLimitPerProduct -->
