<?xml version="1.0" encoding="UTF-8"?>
<!-- Generated by org.testng.reporters.JUnitReportReporter -->
<testsuite hostname="DESKTOP-39SQTFK" failures="0" tests="1" name="practiceGuru99.Test.VerifyCompareItems" time="18.146" errors="0" timestamp="2025-06-14T20:43:30 AEST" skipped="0">
  <testcase classname="practiceGuru99.Test.VerifyCompareItems" name="sortByName" time="18.146"/>
</testsuite> <!-- practiceGuru99.Test.VerifyCompareItems -->
