<?xml version="1.0" encoding="UTF-8"?>
<!-- Generated by org.testng.reporters.JUnitReportReporter -->
<testsuite hostname="DESKTOP-39SQTFK" failures="0" tests="1" name="practiceGuru99.Test.VerifySortBy" time="18.827" errors="0" timestamp="2025-06-14T19:07:34 AEST" skipped="0">
  <testcase classname="practiceGuru99.Test.VerifySortBy" name="sortByName" time="18.827"/>
</testsuite> <!-- practiceGuru99.Test.VerifySortBy -->
