<?xml version="1.0" encoding="UTF-8"?>
<!-- Generated by org.testng.reporters.JUnitReportReporter -->
<testsuite hostname="DESKTOP-39SQTFK" failures="0" tests="1" name="practiceGuru99.Test.VerifyCompareProducts" time="21.731" errors="0" timestamp="2025-06-14T21:08:04 AEST" skipped="0">
  <testcase classname="practiceGuru99.Test.VerifyCompareProducts" name="sortByName" time="21.731"/>
</testsuite> <!-- practiceGuru99.Test.VerifyCompareProducts -->
